<?xml version="1.0" encoding="UTF-8"?>
<!-- Generated by org.testng.reporters.JUnitReportReporter -->
<testsuite hostname="rknowsys" name="com.Tests.TestQuote" tests="1" failures="0" timestamp="11 Jul 2019 09:45:36 GMT" time="30.826" errors="0">
  <testcase name="testQuote" time="30.826" classname="com.Tests.TestQuote"/>
</testsuite> <!-- com.Tests.TestQuote -->
