<?xml version="1.0" encoding="UTF-8"?>
<!-- Generated by org.testng.reporters.JUnitReportReporter -->
<testsuite hostname="rknowsys" name="com.Tests.TestSignOut" tests="1" failures="0" timestamp="11 Jul 2019 11:39:58 GMT" time="25.657" errors="0">
  <testcase name="testSignOut" time="25.657" classname="com.Tests.TestSignOut"/>
</testsuite> <!-- com.Tests.TestSignOut -->
