<?xml version="1.0" encoding="UTF-8"?>
<!-- Generated by org.testng.reporters.JUnitReportReporter -->
<testsuite hostname="rknowsys" name="com.Constants.MPFPConstants" tests="2" failures="0" timestamp="4 Jul 2019 10:42:51 GMT" time="33.834" errors="0">
  <testcase name="Login" time="29.102" classname="com.Constants.MPFPConstants"/>
  <testcase name="Logout" time="4.732" classname="com.Constants.MPFPConstants"/>
</testsuite> <!-- com.Constants.MPFPConstants -->
